<?xml version="1.0" encoding="UTF-8"?>
<testsuite xmlns:xsi="http://www.w3.org/2001/XMLSchema-instance" xsi:noNamespaceSchemaLocation="https://maven.apache.org/surefire/maven-surefire-plugin/xsd/surefire-test-report-3.0.xsd" version="3.0" name="seda_project.control_alt_defeat.chess.ChessTest" time="0.202" tests="12" errors="0" skipped="0" failures="0">
  <properties>
[...]
</properties>
  <testcase name="testEnPassantCapture" classname="seda_project.control_alt_defeat.chess.ChessTest" time="0.08"/>
  <testcase name="testBishopDiagonalMoves" classname="seda_project.control_alt_defeat.chess.ChessTest" time="0.002"/>
  <testcase name="testCheckAndCheckmateHex" classname="seda_project.control_alt_defeat.chess.ChessTest" time="0.005"/>
  <testcase name="testPositionValidation" classname="seda_project.control_alt_defeat.chess.ChessTest" time="0.007"/>
  <testcase name="testPawnMoves" classname="seda_project.control_alt_defeat.chess.ChessTest" time="0.002"/>
  <testcase name="testRookOrthogonalMoves" classname="seda_project.control_alt_defeat.chess.ChessTest" time="0.006"/>
  <testcase name="testBlackPawnInitialSetupAndMoves" classname="seda_project.control_alt_defeat.chess.ChessTest" time="0.002"/>
  <testcase name="testKnightJumps" classname="seda_project.control_alt_defeat.chess.ChessTest" time="0.003"/>
  <testcase name="testBoardSerialization" classname="seda_project.control_alt_defeat.chess.ChessTest" time="0.003"/>
  <testcase name="testInitialSetup" classname="seda_project.control_alt_defeat.chess.ChessTest" time="0.002"/>
  <testcase name="testBotLookahead" classname="seda_project.control_alt_defeat.chess.ChessTest" time="0.008"/>
  <testcase name="testDrawCriteriaRules" classname="seda_project.control_alt_defeat.chess.ChessTest" time="0.013"/>
</testsuite>